perltidy version 20121207 log file on a darwin system, OLD_PERL_VERSION=5.012004
Configuration and command line parameters for this run:
-nst -nse
To find error messages search for 'WARNING' with your editor
Indentation will be with 4 spaces
Line 2 implies starting-indentation-level = 0
The nesting depths in the table below are at the start of the lines.
The indicated output line numbers are not always exact.
ci = levels of continuation indentation; bk = 1 if in BLOCK, 0 if not.

in:out indent c b  nesting   code + messages; (messages begin with >>>)
lines  levels i k            (code begins with one '.' per indent level)
------  ----- - - --------   -------------------------------------------
L2:2     i0:0 0 1            package WWW::TheEchoNest::Track;
L7:7     i1:1 0 1 {          >>>passing VERSION line; -npvl deactivates
L12:12   i0:0 0 1            sub profile {
L18:18   i0:0 0 1            sub upload {
L27:27   i0:0 0 1            >>>Last line

No indentation disagreement seen

No lines exceeded 80 characters
  Maximum output line length was 67 at line 15
Suggest including 'use warnings;'
Suggest including 'use strict;'
